[INFO] Scanning for projects...
[WARNING] 
[WARNING] Some problems were encountered while building the effective model for com.pdropalazn:taskforge:jar:0.0.1-SNAPSHOT
[WARNING] 'dependencies.dependency.(groupId:artifactId:type:classifier)' must be unique: org.postgresql:postgresql:jar -> duplicate declaration of version (?) @ line 55, column 15
[WARNING] 
[WARNING] It is highly recommended to fix these problems because they threaten the stability of your build.
[WARNING] 
[WARNING] For this reason, future Maven versions might no longer support building such malformed projects.
[WARNING] 
Downloading from central: https://repo.maven.apache.org/maven2/io/github/git-commit-id/maven-metadata.xml
Downloading from central: https://repo.maven.apache.org/maven2/org/flywaydb/maven-metadata.xml
Downloading from central: https://repo.maven.apache.org/maven2/org/springframework/boot/maven-metadata.xml
Downloading from central: https://repo.maven.apache.org/maven2/org/cyclonedx/maven-metadata.xml
Progress (1): 255 BProgress (2): 255 B | 249 BProgress (3): 255 B | 249 B | 243 BProgress (4): 255 B | 249 B | 243 B | 234 B                                           Downloaded from central: https://repo.maven.apache.org/maven2/org/flywaydb/maven-metadata.xml (234 B at 545 B/s)
Downloading from central: https://repo.maven.apache.org/maven2/org/jooq/maven-metadata.xml
Downloaded from central: https://repo.maven.apache.org/maven2/org/cyclonedx/maven-metadata.xml (243 B at 561 B/s)
Downloading from central: https://repo.maven.apache.org/maven2/org/jetbrains/kotlin/maven-metadata.xml
Downloaded from central: https://repo.maven.apache.org/maven2/io/github/git-commit-id/maven-metadata.xml (255 B at 584 B/s)
Downloaded from central: https://repo.maven.apache.org/maven2/org/springframework/boot/maven-metadata.xml (249 B at 569 B/s)
Downloading from central: https://repo.maven.apache.org/maven2/org/liquibase/maven-metadata.xml
Downloading from central: https://repo.maven.apache.org/maven2/org/graalvm/buildtools/maven-metadata.xml
Progress (1): 398 BProgress (2): 398 B | 375 BProgress (3): 398 B | 375 B | 394 BProgress (4): 398 B | 375 B | 394 B | 242 B                                           Downloaded from central: https://repo.maven.apache.org/maven2/org/jooq/maven-metadata.xml (398 B at 6.9 kB/s)
Downloading from central: https://repo.maven.apache.org/maven2/org/apache/maven/plugins/maven-metadata.xml
Downloaded from central: https://repo.maven.apache.org/maven2/org/liquibase/maven-metadata.xml (394 B at 6.8 kB/s)
Downloading from central: https://repo.maven.apache.org/maven2/org/codehaus/mojo/maven-metadata.xml
Downloaded from central: https://repo.maven.apache.org/maven2/org/jetbrains/kotlin/maven-metadata.xml (375 B at 6.0 kB/s)
Downloaded from central: https://repo.maven.apache.org/maven2/org/graalvm/buildtools/maven-metadata.xml (242 B at 3.4 kB/s)
Progress (1): 4.6 kBProgress (1): 9.7 kBProgress (2): 9.7 kB | 3.1 kBProgress (2): 14 kB | 3.1 kB Progress (2): 14 kB | 7.7 kBProgress (2): 14 kB | 12 kB Progress (2): 14 kB | 17 kBProgress (2): 14 kB | 20 kBProgress (2): 14 kB | 21 kB                           Downloaded from central: https://repo.maven.apache.org/maven2/org/apache/maven/plugins/maven-metadata.xml (14 kB at 210 kB/s)
Downloaded from central: https://repo.maven.apache.org/maven2/org/codehaus/mojo/maven-metadata.xml (21 kB at 213 kB/s)
[INFO] 
[INFO] ----------------------< com.pdropalazn:taskforge >----------------------
[INFO] Building Taskforge 0.0.1-SNAPSHOT
[INFO]   from pom.xml
[INFO] --------------------------------[ jar ]---------------------------------
[INFO] 
[INFO] >>> spring-boot:3.3.2:run (default-cli) > test-compile @ taskforge >>>
[INFO] 
[INFO] --- resources:3.3.1:resources (default-resources) @ taskforge ---
[INFO] Copying 1 resource from src\main\resources to target\classes
[INFO] Copying 0 resource from src\main\resources to target\classes
[INFO] 
[INFO] --- compiler:3.13.0:compile (default-compile) @ taskforge ---
[INFO] Nothing to compile - all classes are up to date.
[INFO] 
[INFO] --- resources:3.3.1:testResources (default-testResources) @ taskforge ---
[INFO] skip non existing resourceDirectory C:\Users\Pedro\Desktop\IntelliJ Projects\Spring\TaskForge\src\test\resources
[INFO] 
[INFO] --- compiler:3.13.0:testCompile (default-testCompile) @ taskforge ---
[INFO] Recompiling the module because of changed source code.
[INFO] Compiling 5 source files with javac [debug parameters release 21] to target\test-classes
[INFO] 
[INFO] <<< spring-boot:3.3.2:run (default-cli) < test-compile @ taskforge <<<
[INFO] 
[INFO] 
[INFO] --- spring-boot:3.3.2:run (default-cli) @ taskforge ---
[INFO] Attaching agents: []

  .   ____          _            __ _ _
 /\\ / ___'_ __ _ _(_)_ __  __ _ \ \ \ \
( ( )\___ | '_ | '_| | '_ \/ _` | \ \ \ \
 \\/  ___)| |_)| | | | | || (_| |  ) ) ) )
  '  |____| .__|_| |_|_| |_\__, | / / / /
 =========|_|==============|___/=/_/_/_/

 :: Spring Boot ::                (v3.3.2)

2026-04-06T17:01:00.323+02:00  INFO 13240 --- [taskforge] [           main] c.p.taskforge.TaskForgeApplication       : Starting TaskForgeApplication using Java 21.0.10 with PID 13240 (C:\Users\Pedro\Desktop\IntelliJ Projects\Spring\TaskForge\target\classes started by Pedro in C:\Users\Pedro\Desktop\IntelliJ Projects\Spring\TaskForge)
2026-04-06T17:01:00.325+02:00  INFO 13240 --- [taskforge] [           main] c.p.taskforge.TaskForgeApplication       : The following 1 profile is active: "jpa"
2026-04-06T17:01:00.916+02:00  INFO 13240 --- [taskforge] [           main] .s.d.r.c.RepositoryConfigurationDelegate : Bootstrapping Spring Data JPA repositories in DEFAULT mode.
2026-04-06T17:01:00.973+02:00  INFO 13240 --- [taskforge] [           main] .s.d.r.c.RepositoryConfigurationDelegate : Finished Spring Data repository scanning in 49 ms. Found 1 JPA repository interface.
2026-04-06T17:01:01.436+02:00  INFO 13240 --- [taskforge] [           main] o.s.b.w.embedded.tomcat.TomcatWebServer  : Tomcat initialized with port 8080 (http)
2026-04-06T17:01:01.448+02:00  INFO 13240 --- [taskforge] [           main] o.apache.catalina.core.StandardService   : Starting service [Tomcat]
2026-04-06T17:01:01.448+02:00  INFO 13240 --- [taskforge] [           main] o.apache.catalina.core.StandardEngine    : Starting Servlet engine: [Apache Tomcat/10.1.26]
2026-04-06T17:01:01.503+02:00  INFO 13240 --- [taskforge] [           main] o.a.c.c.C.[Tomcat].[localhost].[/]       : Initializing Spring embedded WebApplicationContext
2026-04-06T17:01:01.504+02:00  INFO 13240 --- [taskforge] [           main] w.s.c.ServletWebServerApplicationContext : Root WebApplicationContext: initialization completed in 1136 ms
2026-04-06T17:01:01.645+02:00  INFO 13240 --- [taskforge] [           main] o.hibernate.jpa.internal.util.LogHelper  : HHH000204: Processing PersistenceUnitInfo [name: default]
2026-04-06T17:01:01.712+02:00  INFO 13240 --- [taskforge] [           main] org.hibernate.Version                    : HHH000412: Hibernate ORM core version 6.5.2.Final
2026-04-06T17:01:01.747+02:00  INFO 13240 --- [taskforge] [           main] o.h.c.internal.RegionFactoryInitiator    : HHH000026: Second-level cache disabled
2026-04-06T17:01:02.013+02:00  INFO 13240 --- [taskforge] [           main] o.s.o.j.p.SpringPersistenceUnitInfo      : No LoadTimeWeaver setup: ignoring JPA class transformer
2026-04-06T17:01:02.039+02:00  INFO 13240 --- [taskforge] [           main] com.zaxxer.hikari.HikariDataSource       : HikariPool-1 - Starting...
2026-04-06T17:01:02.185+02:00  INFO 13240 --- [taskforge] [           main] com.zaxxer.hikari.pool.HikariPool        : HikariPool-1 - Added connection org.postgresql.jdbc.PgConnection@559d19c
2026-04-06T17:01:02.187+02:00  INFO 13240 --- [taskforge] [           main] com.zaxxer.hikari.HikariDataSource       : HikariPool-1 - Start completed.
2026-04-06T17:01:03.070+02:00  INFO 13240 --- [taskforge] [           main] o.h.e.t.j.p.i.JtaPlatformInitiator       : HHH000489: No JTA platform available (set 'hibernate.transaction.jta.platform' to enable JTA platform integration)
2026-04-06T17:01:03.145+02:00  INFO 13240 --- [taskforge] [           main] j.LocalContainerEntityManagerFactoryBean : Initialized JPA EntityManagerFactory for persistence unit 'default'
2026-04-06T17:01:03.415+02:00  WARN 13240 --- [taskforge] [           main] JpaBaseConfiguration$JpaWebConfiguration : spring.jpa.open-in-view is enabled by default. Therefore, database queries may be performed during view rendering. Explicitly configure spring.jpa.open-in-view to disable this warning
2026-04-06T17:01:03.756+02:00  INFO 13240 --- [taskforge] [           main] o.s.b.w.embedded.tomcat.TomcatWebServer  : Tomcat started on port 8080 (http) with context path '/'
2026-04-06T17:01:03.762+02:00  INFO 13240 --- [taskforge] [           main] c.p.taskforge.TaskForgeApplication       : Started TaskForgeApplication in 3.847 seconds (process running for 4.177)
2026-04-06T17:01:11.908+02:00  INFO 13240 --- [taskforge] [nio-8080-exec-2] o.a.c.c.C.[Tomcat].[localhost].[/]       : Initializing Spring DispatcherServlet 'dispatcherServlet'
2026-04-06T17:01:11.909+02:00  INFO 13240 --- [taskforge] [nio-8080-exec-2] o.s.web.servlet.DispatcherServlet        : Initializing Servlet 'dispatcherServlet'
2026-04-06T17:01:11.910+02:00  INFO 13240 --- [taskforge] [nio-8080-exec-2] o.s.web.servlet.DispatcherServlet        : Completed initialization in 1 ms
Hibernate: 
    select
        te1_0.id,
        te1_0.assignee_id,
        te1_0.description,
        te1_0.due_date,
        te1_0.priority,
        te1_0.project_id,
        te1_0.status,
        te1_0.title 
    from
        tasks te1_0 
    where
        te1_0.id=?
Hibernate: 
    insert 
    into
        tasks
        (assignee_id, description, due_date, priority, project_id, status, title, id) 
    values
        (?, ?, ?, ?, ?, ?, ?, ?)
Hibernate: 
    select
        te1_0.id,
        te1_0.assignee_id,
        te1_0.description,
        te1_0.due_date,
        te1_0.priority,
        te1_0.project_id,
        te1_0.status,
        te1_0.title 
    from
        tasks te1_0 
    where
        te1_0.id=?
Hibernate: 
    insert 
    into
        tasks
        (assignee_id, description, due_date, priority, project_id, status, title, id) 
    values
        (?, ?, ?, ?, ?, ?, ?, ?)
Hibernate: 
    select
        te1_0.id,
        te1_0.assignee_id,
        te1_0.description,
        te1_0.due_date,
        te1_0.priority,
        te1_0.project_id,
        te1_0.status,
        te1_0.title 
    from
        tasks te1_0 
    where
        te1_0.id=?
